<html>
<head>
<title>TestNG:  Test01</title>
<link href="../testng.css" rel="stylesheet" type="text/css" />
<link href="../my-testng.css" rel="stylesheet" type="text/css" />

<style type="text/css">
.log { display: none;} 
.stack-trace { display: none;} 
</style>
<script type="text/javascript">
<!--
function flip(e) {
  current = e.style.display;
  if (current == 'block') {
    e.style.display = 'none';
    return 0;
  }
  else {
    e.style.display = 'block';
    return 1;
  }
}

function toggleBox(szDivId, elem, msg1, msg2)
{
  var res = -1;  if (document.getElementById) {
    res = flip(document.getElementById(szDivId));
  }
  else if (document.all) {
    // this is the way old msie versions work
    res = flip(document.all[szDivId]);
  }
  if(elem) {
    if(res == 0) elem.innerHTML = msg1; else elem.innerHTML = msg2;
  }

}

function toggleAllBoxes() {
  if (document.getElementsByTagName) {
    d = document.getElementsByTagName('div');
    for (i = 0; i < d.length; i++) {
      if (d[i].className == 'log') {
        flip(d[i]);
      }
    }
  }
}

// -->
</script>

</head>
<body>
<h2 align='center'>Test01</h2><table border='1' align="center">
<tr>
<td>Tests passed/Failed/Skipped:</td><td>0/0/0</td>
</tr><tr>
<td>Started on:</td><td>Mon May 23 15:52:43 IST 2022</td>
</tr>
<tr><td>Total time:</td><td>0 seconds (100 ms)</td>
</tr><tr>
<td>Included groups:</td><td></td>
</tr><tr>
<td>Excluded groups:</td><td></td>
</tr>
</table><p/>
<small><i>(Hover the method name to see the test class name)</i></small><p/>
<table width='100%' border='1' class='invocation-failed'>
<tr><td colspan='4' align='center'><b>FAILED CONFIGURATIONS</b></td></tr>
<tr><td><b>Test method</b></td>
<td width="30%"><b>Exception</b></td>
<td width="10%"><b>Time (seconds)</b></td>
<td><b>Instance</b></td>
</tr>
<tr>
<td title='Runners.Runner.setUpClass()'><b>setUpClass</b><br>Test class: Runners.Runner</td>
<td><div><pre>io.cucumber.core.exception.CucumberException: Failed to parse &apos;cucumber.publish.quiet&apos; with value &apos;true &apos;
	at io.cucumber.core.options.CucumberPropertiesParser.parseAll(CucumberPropertiesParser.java:160)
	at io.cucumber.core.options.CucumberPropertiesParser.parse(CucumberPropertiesParser.java:138)
	at io.cucumber.core.options.CucumberPropertiesParser.parse(CucumberPropertiesParser.java:117)
	at io.cucumber.core.options.CucumberPropertiesParser.parse(CucumberPropertiesParser.java:41)
	at io.cucumber.testng.TestNGCucumberRunner.&lt;init&gt;(TestNGCucumberRunner.java:81)
	at io.cucumber.testng.TestNGCucumberRunner.&lt;init&gt;(TestNGCucumberRunner.java:66)
	at io.cucumber.testng.AbstractTestNGCucumberTests.setUpClass(AbstractTestNGCucumberTests.java:23)
	at java.util.ArrayList.forEach(ArrayList.java:1259)
Caused by: java.lang.IllegalArgumentException: &apos;true &apos; Was not a valid boolean value. Please use either &apos;true&apos; or &apos;false&apos;.
	at io.cucumber.core.options.BooleanString.parseBoolean(BooleanString.java:29)
	at java.util.function.Function.lambda$andThen$1(Function.java:88)
	at io.cucumber.core.options.CucumberPropertiesParser.parseAll(CucumberPropertiesParser.java:157)
	... 36 more
... Removed 29 stack frames</pre></div><a href='#' onClick='toggleBox("stack-trace399534175", this, "Click to show all stack frames", "Click to hide stack frames")'>Click to show all stack frames</a>
<div class='stack-trace' id='stack-trace399534175'><pre>io.cucumber.core.exception.CucumberException: Failed to parse &apos;cucumber.publish.quiet&apos; with value &apos;true &apos;
	at io.cucumber.core.options.CucumberPropertiesParser.parseAll(CucumberPropertiesParser.java:160)
	at io.cucumber.core.options.CucumberPropertiesParser.parse(CucumberPropertiesParser.java:138)
	at io.cucumber.core.options.CucumberPropertiesParser.parse(CucumberPropertiesParser.java:117)
	at io.cucumber.core.options.CucumberPropertiesParser.parse(CucumberPropertiesParser.java:41)
	at io.cucumber.testng.TestNGCucumberRunner.&lt;init&gt;(TestNGCucumberRunner.java:81)
	at io.cucumber.testng.TestNGCucumberRunner.&lt;init&gt;(TestNGCucumberRunner.java:66)
	at io.cucumber.testng.AbstractTestNGCucumberTests.setUpClass(AbstractTestNGCucumberTests.java:23)
	at sun.reflect.NativeMethodAccessorImpl.invoke0(Native Method)
	at sun.reflect.NativeMethodAccessorImpl.invoke(NativeMethodAccessorImpl.java:62)
	at sun.reflect.DelegatingMethodAccessorImpl.invoke(DelegatingMethodAccessorImpl.java:43)
	at java.lang.reflect.Method.invoke(Method.java:498)
	at org.testng.internal.MethodInvocationHelper.invokeMethod(MethodInvocationHelper.java:133)
	at org.testng.internal.MethodInvocationHelper.invokeMethodConsideringTimeout(MethodInvocationHelper.java:62)
	at org.testng.internal.ConfigInvoker.invokeConfigurationMethod(ConfigInvoker.java:340)
	at org.testng.internal.ConfigInvoker.invokeConfigurations(ConfigInvoker.java:294)
	at org.testng.internal.TestMethodWorker.invokeBeforeClassMethods(TestMethodWorker.java:176)
	at org.testng.internal.TestMethodWorker.run(TestMethodWorker.java:122)
	at java.util.ArrayList.forEach(ArrayList.java:1259)
	at org.testng.TestRunner.privateRun(TestRunner.java:770)
	at org.testng.TestRunner.run(TestRunner.java:591)
	at org.testng.SuiteRunner.runTest(SuiteRunner.java:402)
	at org.testng.SuiteRunner.runSequentially(SuiteRunner.java:396)
	at org.testng.SuiteRunner.privateRun(SuiteRunner.java:355)
	at org.testng.SuiteRunner.run(SuiteRunner.java:304)
	at org.testng.SuiteRunnerWorker.runSuite(SuiteRunnerWorker.java:53)
	at org.testng.SuiteRunnerWorker.run(SuiteRunnerWorker.java:96)
	at org.testng.TestNG.runSuitesSequentially(TestNG.java:1180)
	at org.testng.TestNG.runSuitesLocally(TestNG.java:1102)
	at org.testng.TestNG.runSuites(TestNG.java:1032)
	at org.testng.TestNG.run(TestNG.java:1000)
	at org.apache.maven.surefire.testng.TestNGExecutor.run(TestNGExecutor.java:284)
	at org.apache.maven.surefire.testng.TestNGXmlTestSuite.execute(TestNGXmlTestSuite.java:75)
	at org.apache.maven.surefire.testng.TestNGProvider.invoke(TestNGProvider.java:119)
	at org.apache.maven.surefire.booter.ForkedBooter.runSuitesInProcess(ForkedBooter.java:428)
	at org.apache.maven.surefire.booter.ForkedBooter.execute(ForkedBooter.java:162)
	at org.apache.maven.surefire.booter.ForkedBooter.run(ForkedBooter.java:562)
	at org.apache.maven.surefire.booter.ForkedBooter.main(ForkedBooter.java:548)
Caused by: java.lang.IllegalArgumentException: &apos;true &apos; Was not a valid boolean value. Please use either &apos;true&apos; or &apos;false&apos;.
	at io.cucumber.core.options.BooleanString.parseBoolean(BooleanString.java:29)
	at java.util.function.Function.lambda$andThen$1(Function.java:88)
	at io.cucumber.core.options.CucumberPropertiesParser.parseAll(CucumberPropertiesParser.java:157)
	... 36 more
</pre></div></td>
<td>0</td>
<td>Runners.Runner@6d7b4f4c</td></tr>
</table><p>
</body>
</html>